
> backend@1.0.0 start
> node index.js

connnect to DB
Server is running 8080
token undefined
token undefined
category [ 'Mouse', 'airpodes' ]
token undefined
token undefined
category [ 'Mouse', 'airpodes' ]
category [ 'Mouse', 'airpodes' ]
token undefined
token undefined
category [ 'Mouse', 'airpodes' ]
category [ 'Mouse', 'airpodes' ]
category [ 'Mouse', 'airpodes' ]
token undefined
token undefined
token undefined
token undefined
category [ 'Mouse', 'airpodes' ]
token undefined
token undefined
category [ 'Mouse', 'airpodes' ]
token undefined
token undefined
category [ 'Mouse', 'airpodes' ]
node:internal/modules/cjs/loader:1143
  throw err;
  ^

Error: Cannot find module '/home/bitnami/WAD_final_project/backend/your-backend-file.js'
    at Module._resolveFilename (node:internal/modules/cjs/loader:1140:15)
    at Module._load (node:internal/modules/cjs/loader:981:27)
    at Function.executeUserEntryPoint [as runMain] (node:internal/modules/run_main:128:12)
    at node:internal/main/run_main_module:28:49 {
  code: 'MODULE_NOT_FOUND',
  requireStack: []
}

Node.js v18.20.4
node:events:495
      throw er; // Unhandled 'error' event
      ^

Error: listen EADDRINUSE: address already in use :::8080
    at Server.setupListenHandle [as _listen2] (node:net:1817:16)
    at listenInCluster (node:net:1865:12)
    at Server.listen (node:net:1953:7)
    at Function.listen (/home/bitnami/WAD_final_project/backend/node_modules/express/lib/application.js:635:24)
    at /home/bitnami/WAD_final_project/backend/index.js:23:9
    at process.processTicksAndRejections (node:internal/process/task_queues:95:5)
Emitted 'error' event on Server instance at:
    at emitErrorNT (node:net:1844:8)
    at process.processTicksAndRejections (node:internal/process/task_queues:82:21) {
  code: 'EADDRINUSE',
  errno: -98,
  syscall: 'listen',
  address: '::',
  port: 8080
}

Node.js v18.20.4
connnect to DB
Server is running 8080
token undefined
token undefined
token undefined
category [ 'Mouse', 'airpodes' ]
token undefined
token undefined
category [ 'Mouse', 'airpodes' ]
